[2024-06-08 11:11:05] Error [8]: Undefined variable: view_status_stok in E:\laragon\www\apps\tugas\mitra_agung_malaka\views\satuan-barang.php on line 31
[2024-06-08 11:11:05] Error [2]: Invalid argument supplied for foreach() in E:\laragon\www\apps\tugas\mitra_agung_malaka\views\satuan-barang.php on line 31
[2024-06-09 04:03:34] Error [8]: Undefined variable: view_status_stok in E:\laragon\www\apps\tugas\mitra_agung_malaka\views\satuan-barang.php on line 31
[2024-06-09 04:03:34] Error [2]: Invalid argument supplied for foreach() in E:\laragon\www\apps\tugas\mitra_agung_malaka\views\satuan-barang.php on line 31
[2024-06-09 04:04:11] Error [8]: Undefined variable: view_status_stok in E:\laragon\www\apps\tugas\mitra_agung_malaka\views\satuan-barang.php on line 31
[2024-06-09 04:04:11] Error [2]: Invalid argument supplied for foreach() in E:\laragon\www\apps\tugas\mitra_agung_malaka\views\satuan-barang.php on line 31
[2024-06-09 05:01:49] Error [2]: Invalid argument supplied for foreach() in E:\laragon\www\apps\tugas\mitra_agung_malaka\views\satuan-barang.php on line 31
[2024-06-09 05:01:51] Error [2]: Invalid argument supplied for foreach() in E:\laragon\www\apps\tugas\mitra_agung_malaka\views\satuan-barang.php on line 31
[2024-06-09 05:01:54] Error [2]: Invalid argument supplied for foreach() in E:\laragon\www\apps\tugas\mitra_agung_malaka\views\satuan-barang.php on line 31
[2024-06-09 05:41:59] Error [8]: Undefined variable: views_bahan_material in E:\laragon\www\apps\tugas\mitra_agung_malaka\views\stok-material.php on line 134
[2024-06-09 05:41:59] Error [2]: Invalid argument supplied for foreach() in E:\laragon\www\apps\tugas\mitra_agung_malaka\views\stok-material.php on line 134
[2024-06-09 05:43:46] Error [8]: Undefined index: id_ss in E:\laragon\www\apps\tugas\mitra_agung_malaka\views\stok-material.php on line 144
[2024-06-09 05:43:46] Error [8]: Undefined index: id_ss in E:\laragon\www\apps\tugas\mitra_agung_malaka\views\stok-material.php on line 144
[2024-06-09 05:43:46] Error [8]: Undefined index: id_ss in E:\laragon\www\apps\tugas\mitra_agung_malaka\views\stok-material.php on line 144
[2024-06-09 05:43:46] Error [8]: Undefined index: id_ss in E:\laragon\www\apps\tugas\mitra_agung_malaka\views\stok-material.php on line 144
[2024-06-09 05:43:46] Error [8]: Undefined index: id_ss in E:\laragon\www\apps\tugas\mitra_agung_malaka\views\stok-material.php on line 144
[2024-06-09 05:43:46] Error [8]: Undefined index: id_sb in E:\laragon\www\apps\tugas\mitra_agung_malaka\views\stok-material.php on line 153
[2024-06-09 05:43:46] Error [8]: Undefined index: id_sb in E:\laragon\www\apps\tugas\mitra_agung_malaka\views\stok-material.php on line 153
[2024-06-09 05:43:46] Error [8]: Undefined index: id_sb in E:\laragon\www\apps\tugas\mitra_agung_malaka\views\stok-material.php on line 153
[2024-06-09 05:43:46] Error [8]: Undefined index: id_sb in E:\laragon\www\apps\tugas\mitra_agung_malaka\views\stok-material.php on line 153
[2024-06-09 05:43:48] Error [8]: Undefined index: id_ss in E:\laragon\www\apps\tugas\mitra_agung_malaka\views\stok-material.php on line 144
[2024-06-09 05:43:48] Error [8]: Undefined index: id_ss in E:\laragon\www\apps\tugas\mitra_agung_malaka\views\stok-material.php on line 144
[2024-06-09 05:43:48] Error [8]: Undefined index: id_ss in E:\laragon\www\apps\tugas\mitra_agung_malaka\views\stok-material.php on line 144
[2024-06-09 05:43:48] Error [8]: Undefined index: id_ss in E:\laragon\www\apps\tugas\mitra_agung_malaka\views\stok-material.php on line 144
[2024-06-09 05:43:48] Error [8]: Undefined index: id_ss in E:\laragon\www\apps\tugas\mitra_agung_malaka\views\stok-material.php on line 144
[2024-06-09 05:43:48] Error [8]: Undefined index: id_sb in E:\laragon\www\apps\tugas\mitra_agung_malaka\views\stok-material.php on line 153
[2024-06-09 05:43:48] Error [8]: Undefined index: id_sb in E:\laragon\www\apps\tugas\mitra_agung_malaka\views\stok-material.php on line 153
[2024-06-09 05:43:48] Error [8]: Undefined index: id_sb in E:\laragon\www\apps\tugas\mitra_agung_malaka\views\stok-material.php on line 153
[2024-06-09 05:43:48] Error [8]: Undefined index: id_sb in E:\laragon\www\apps\tugas\mitra_agung_malaka\views\stok-material.php on line 153
[2024-06-09 05:46:40] Error [8]: Undefined index: id_sb in E:\laragon\www\apps\tugas\mitra_agung_malaka\views\stok-material.php on line 144
[2024-06-09 05:46:40] Error [8]: Undefined index: id_sb in E:\laragon\www\apps\tugas\mitra_agung_malaka\views\stok-material.php on line 144
[2024-06-09 05:46:40] Error [8]: Undefined index: id_sb in E:\laragon\www\apps\tugas\mitra_agung_malaka\views\stok-material.php on line 144
[2024-06-09 05:46:40] Error [8]: Undefined index: id_sb in E:\laragon\www\apps\tugas\mitra_agung_malaka\views\stok-material.php on line 144
[2024-06-09 05:46:40] Error [8]: Undefined variable: data in E:\laragon\www\apps\tugas\mitra_agung_malaka\views\stok-material.php on line 152
[2024-06-09 05:46:40] Error [8]: Trying to access array offset on value of type null in E:\laragon\www\apps\tugas\mitra_agung_malaka\views\stok-material.php on line 152
[2024-06-09 05:46:40] Error [8]: Undefined index: id_ss in E:\laragon\www\apps\tugas\mitra_agung_malaka\views\stok-material.php on line 161
[2024-06-09 05:46:40] Error [8]: Undefined index: id_ss in E:\laragon\www\apps\tugas\mitra_agung_malaka\views\stok-material.php on line 161
[2024-06-09 05:46:40] Error [8]: Undefined index: id_ss in E:\laragon\www\apps\tugas\mitra_agung_malaka\views\stok-material.php on line 161
[2024-06-09 05:46:40] Error [8]: Undefined index: id_ss in E:\laragon\www\apps\tugas\mitra_agung_malaka\views\stok-material.php on line 161
[2024-06-09 05:46:40] Error [8]: Undefined index: id_ss in E:\laragon\www\apps\tugas\mitra_agung_malaka\views\stok-material.php on line 161
[2024-06-09 05:46:40] Error [8]: Undefined variable: data in E:\laragon\www\apps\tugas\mitra_agung_malaka\views\stok-material.php on line 169
[2024-06-09 05:46:40] Error [8]: Trying to access array offset on value of type null in E:\laragon\www\apps\tugas\mitra_agung_malaka\views\stok-material.php on line 169
[2024-06-09 05:46:49] Error [8]: Undefined index: id_sb in E:\laragon\www\apps\tugas\mitra_agung_malaka\views\stok-material.php on line 144
[2024-06-09 05:46:49] Error [8]: Undefined index: id_sb in E:\laragon\www\apps\tugas\mitra_agung_malaka\views\stok-material.php on line 144
[2024-06-09 05:46:49] Error [8]: Undefined index: id_sb in E:\laragon\www\apps\tugas\mitra_agung_malaka\views\stok-material.php on line 144
[2024-06-09 05:46:49] Error [8]: Undefined index: id_sb in E:\laragon\www\apps\tugas\mitra_agung_malaka\views\stok-material.php on line 144
[2024-06-09 05:46:49] Error [8]: Undefined variable: data in E:\laragon\www\apps\tugas\mitra_agung_malaka\views\stok-material.php on line 152
[2024-06-09 05:46:49] Error [8]: Trying to access array offset on value of type null in E:\laragon\www\apps\tugas\mitra_agung_malaka\views\stok-material.php on line 152
[2024-06-09 05:46:49] Error [8]: Undefined index: id_ss in E:\laragon\www\apps\tugas\mitra_agung_malaka\views\stok-material.php on line 161
[2024-06-09 05:46:49] Error [8]: Undefined index: id_ss in E:\laragon\www\apps\tugas\mitra_agung_malaka\views\stok-material.php on line 161
[2024-06-09 05:46:49] Error [8]: Undefined index: id_ss in E:\laragon\www\apps\tugas\mitra_agung_malaka\views\stok-material.php on line 161
[2024-06-09 05:46:49] Error [8]: Undefined index: id_ss in E:\laragon\www\apps\tugas\mitra_agung_malaka\views\stok-material.php on line 161
[2024-06-09 05:46:49] Error [8]: Undefined index: id_ss in E:\laragon\www\apps\tugas\mitra_agung_malaka\views\stok-material.php on line 161
[2024-06-09 05:46:49] Error [8]: Undefined variable: data in E:\laragon\www\apps\tugas\mitra_agung_malaka\views\stok-material.php on line 169
[2024-06-09 05:46:49] Error [8]: Trying to access array offset on value of type null in E:\laragon\www\apps\tugas\mitra_agung_malaka\views\stok-material.php on line 169
[2024-06-09 05:47:31] Error [8]: Undefined index: id_sb in E:\laragon\www\apps\tugas\mitra_agung_malaka\views\stok-material.php on line 144
[2024-06-09 05:47:31] Error [8]: Undefined index: id_sb in E:\laragon\www\apps\tugas\mitra_agung_malaka\views\stok-material.php on line 144
[2024-06-09 05:47:31] Error [8]: Undefined index: id_sb in E:\laragon\www\apps\tugas\mitra_agung_malaka\views\stok-material.php on line 144
[2024-06-09 05:47:31] Error [8]: Undefined index: id_sb in E:\laragon\www\apps\tugas\mitra_agung_malaka\views\stok-material.php on line 144
[2024-06-09 05:47:31] Error [8]: Undefined index: id_ss in E:\laragon\www\apps\tugas\mitra_agung_malaka\views\stok-material.php on line 161
[2024-06-09 05:47:31] Error [8]: Undefined index: id_ss in E:\laragon\www\apps\tugas\mitra_agung_malaka\views\stok-material.php on line 161
[2024-06-09 05:47:31] Error [8]: Undefined index: id_ss in E:\laragon\www\apps\tugas\mitra_agung_malaka\views\stok-material.php on line 161
[2024-06-09 05:47:31] Error [8]: Undefined index: id_ss in E:\laragon\www\apps\tugas\mitra_agung_malaka\views\stok-material.php on line 161
[2024-06-09 05:47:31] Error [8]: Undefined index: id_ss in E:\laragon\www\apps\tugas\mitra_agung_malaka\views\stok-material.php on line 161
[2024-06-09 06:10:14] Error [8]: Undefined variable: view_bahan_material in E:\laragon\www\apps\tugas\mitra_agung_malaka\views\material-keluar.php on line 80
[2024-06-09 06:10:14] Error [2]: Invalid argument supplied for foreach() in E:\laragon\www\apps\tugas\mitra_agung_malaka\views\material-keluar.php on line 80
[2024-06-09 06:10:14] Error [8]: Undefined variable: view_status_stok in E:\laragon\www\apps\tugas\mitra_agung_malaka\views\material-keluar.php on line 91
[2024-06-09 06:10:14] Error [2]: Invalid argument supplied for foreach() in E:\laragon\www\apps\tugas\mitra_agung_malaka\views\material-keluar.php on line 91
[2024-06-09 06:10:14] Error [8]: Undefined variable: view_satuan_barang in E:\laragon\www\apps\tugas\mitra_agung_malaka\views\material-keluar.php on line 110
[2024-06-09 06:10:14] Error [2]: Invalid argument supplied for foreach() in E:\laragon\www\apps\tugas\mitra_agung_malaka\views\material-keluar.php on line 110
[2024-06-09 06:10:14] Error [8]: Undefined variable: view_bahan_material in E:\laragon\www\apps\tugas\mitra_agung_malaka\views\material-keluar.php on line 80
[2024-06-09 06:10:14] Error [2]: Invalid argument supplied for foreach() in E:\laragon\www\apps\tugas\mitra_agung_malaka\views\material-keluar.php on line 80
[2024-06-09 06:10:14] Error [8]: Undefined variable: view_status_stok in E:\laragon\www\apps\tugas\mitra_agung_malaka\views\material-keluar.php on line 91
[2024-06-09 06:10:14] Error [2]: Invalid argument supplied for foreach() in E:\laragon\www\apps\tugas\mitra_agung_malaka\views\material-keluar.php on line 91
[2024-06-09 06:10:14] Error [8]: Undefined variable: view_satuan_barang in E:\laragon\www\apps\tugas\mitra_agung_malaka\views\material-keluar.php on line 110
[2024-06-09 06:10:14] Error [2]: Invalid argument supplied for foreach() in E:\laragon\www\apps\tugas\mitra_agung_malaka\views\material-keluar.php on line 110
[2024-06-09 06:10:14] Error [8]: Undefined variable: view_bahan_material in E:\laragon\www\apps\tugas\mitra_agung_malaka\views\material-keluar.php on line 181
[2024-06-09 06:10:14] Error [2]: Invalid argument supplied for foreach() in E:\laragon\www\apps\tugas\mitra_agung_malaka\views\material-keluar.php on line 181
[2024-06-09 06:10:14] Error [8]: Undefined variable: view_status_stok in E:\laragon\www\apps\tugas\mitra_agung_malaka\views\material-keluar.php on line 190
[2024-06-09 06:10:14] Error [2]: Invalid argument supplied for foreach() in E:\laragon\www\apps\tugas\mitra_agung_malaka\views\material-keluar.php on line 190
[2024-06-09 06:10:14] Error [8]: Undefined variable: view_satuan_barang in E:\laragon\www\apps\tugas\mitra_agung_malaka\views\material-keluar.php on line 207
[2024-06-09 06:10:14] Error [2]: Invalid argument supplied for foreach() in E:\laragon\www\apps\tugas\mitra_agung_malaka\views\material-keluar.php on line 207
[2024-06-09 06:10:26] Error [2]: Invalid argument supplied for foreach() in E:\laragon\www\apps\tugas\mitra_agung_malaka\views\material-keluar.php on line 47
[2024-06-09 06:10:26] Error [8]: Undefined variable: view_bahan_material in E:\laragon\www\apps\tugas\mitra_agung_malaka\views\material-keluar.php on line 181
[2024-06-09 06:10:26] Error [2]: Invalid argument supplied for foreach() in E:\laragon\www\apps\tugas\mitra_agung_malaka\views\material-keluar.php on line 181
[2024-06-09 06:10:26] Error [8]: Undefined variable: view_status_stok in E:\laragon\www\apps\tugas\mitra_agung_malaka\views\material-keluar.php on line 190
[2024-06-09 06:10:26] Error [2]: Invalid argument supplied for foreach() in E:\laragon\www\apps\tugas\mitra_agung_malaka\views\material-keluar.php on line 190
[2024-06-09 06:10:26] Error [8]: Undefined variable: view_satuan_barang in E:\laragon\www\apps\tugas\mitra_agung_malaka\views\material-keluar.php on line 207
[2024-06-09 06:10:26] Error [2]: Invalid argument supplied for foreach() in E:\laragon\www\apps\tugas\mitra_agung_malaka\views\material-keluar.php on line 207
[2024-06-09 06:11:57] Error [2]: Invalid argument supplied for foreach() in E:\laragon\www\apps\tugas\mitra_agung_malaka\views\material-keluar.php on line 47
[2024-06-09 06:11:57] Error [8]: Undefined variable: view_bahan_material in E:\laragon\www\apps\tugas\mitra_agung_malaka\views\material-keluar.php on line 188
[2024-06-09 06:11:57] Error [2]: Invalid argument supplied for foreach() in E:\laragon\www\apps\tugas\mitra_agung_malaka\views\material-keluar.php on line 188
[2024-06-09 06:11:57] Error [8]: Undefined variable: view_status_stok in E:\laragon\www\apps\tugas\mitra_agung_malaka\views\material-keluar.php on line 197
[2024-06-09 06:11:57] Error [2]: Invalid argument supplied for foreach() in E:\laragon\www\apps\tugas\mitra_agung_malaka\views\material-keluar.php on line 197
[2024-06-09 06:11:57] Error [8]: Undefined variable: view_satuan_barang in E:\laragon\www\apps\tugas\mitra_agung_malaka\views\material-keluar.php on line 214
[2024-06-09 06:11:57] Error [2]: Invalid argument supplied for foreach() in E:\laragon\www\apps\tugas\mitra_agung_malaka\views\material-keluar.php on line 214
[2024-06-09 06:16:24] Error [2]: Invalid argument supplied for foreach() in E:\laragon\www\apps\tugas\mitra_agung_malaka\views\material-keluar.php on line 47
[2024-06-09 06:17:00] Error [2]: Invalid argument supplied for foreach() in E:\laragon\www\apps\tugas\mitra_agung_malaka\views\material-keluar.php on line 47
[2024-06-09 06:21:26] Error [2]: Invalid argument supplied for foreach() in E:\laragon\www\apps\tugas\mitra_agung_malaka\views\material-keluar.php on line 47
[2024-06-09 06:21:34] Error [2]: Invalid argument supplied for foreach() in E:\laragon\www\apps\tugas\mitra_agung_malaka\views\material-keluar.php on line 47
[2024-06-09 06:21:40] Error [2]: Invalid argument supplied for foreach() in E:\laragon\www\apps\tugas\mitra_agung_malaka\views\material-keluar.php on line 47
[2024-06-09 06:22:42] Error [2]: Invalid argument supplied for foreach() in E:\laragon\www\apps\tugas\mitra_agung_malaka\views\material-keluar.php on line 47
[2024-06-09 06:22:45] Error [2]: Invalid argument supplied for foreach() in E:\laragon\www\apps\tugas\mitra_agung_malaka\views\material-keluar.php on line 47
[2024-06-09 06:23:03] Error [8]: Undefined index: status_keluar in E:\laragon\www\apps\tugas\mitra_agung_malaka\views\material-keluar.php on line 51
[2024-06-09 06:23:03] Error [8]: Undefined index: jumlah in E:\laragon\www\apps\tugas\mitra_agung_malaka\views\material-keluar.php on line 58
[2024-06-09 06:23:03] Error [8]: Undefined index: id_bm in E:\laragon\www\apps\tugas\mitra_agung_malaka\views\material-keluar.php on line 86
[2024-06-09 06:23:03] Error [8]: Undefined variable: view_bahan_material in E:\laragon\www\apps\tugas\mitra_agung_malaka\views\material-keluar.php on line 87
[2024-06-09 06:23:03] Error [2]: Invalid argument supplied for foreach() in E:\laragon\www\apps\tugas\mitra_agung_malaka\views\material-keluar.php on line 87
[2024-06-09 06:23:03] Error [8]: Undefined index: id_ss in E:\laragon\www\apps\tugas\mitra_agung_malaka\views\material-keluar.php on line 97
[2024-06-09 06:23:03] Error [8]: Undefined variable: view_status_stok in E:\laragon\www\apps\tugas\mitra_agung_malaka\views\material-keluar.php on line 98
[2024-06-09 06:23:03] Error [2]: Invalid argument supplied for foreach() in E:\laragon\www\apps\tugas\mitra_agung_malaka\views\material-keluar.php on line 98
[2024-06-09 06:23:03] Error [8]: Undefined index: jumlah in E:\laragon\www\apps\tugas\mitra_agung_malaka\views\material-keluar.php on line 108
[2024-06-09 06:23:03] Error [8]: Undefined index: id_sb in E:\laragon\www\apps\tugas\mitra_agung_malaka\views\material-keluar.php on line 116
[2024-06-09 06:23:03] Error [8]: Undefined variable: view_satuan_barang in E:\laragon\www\apps\tugas\mitra_agung_malaka\views\material-keluar.php on line 117
[2024-06-09 06:23:03] Error [2]: Invalid argument supplied for foreach() in E:\laragon\www\apps\tugas\mitra_agung_malaka\views\material-keluar.php on line 117
[2024-06-09 06:23:05] Error [8]: Undefined index: status_keluar in E:\laragon\www\apps\tugas\mitra_agung_malaka\views\material-keluar.php on line 51
[2024-06-09 06:23:05] Error [8]: Undefined index: jumlah in E:\laragon\www\apps\tugas\mitra_agung_malaka\views\material-keluar.php on line 58
[2024-06-09 06:23:05] Error [8]: Undefined index: id_bm in E:\laragon\www\apps\tugas\mitra_agung_malaka\views\material-keluar.php on line 86
[2024-06-09 06:23:05] Error [8]: Undefined variable: view_bahan_material in E:\laragon\www\apps\tugas\mitra_agung_malaka\views\material-keluar.php on line 87
[2024-06-09 06:23:05] Error [2]: Invalid argument supplied for foreach() in E:\laragon\www\apps\tugas\mitra_agung_malaka\views\material-keluar.php on line 87
[2024-06-09 06:23:05] Error [8]: Undefined index: id_ss in E:\laragon\www\apps\tugas\mitra_agung_malaka\views\material-keluar.php on line 97
[2024-06-09 06:23:05] Error [8]: Undefined variable: view_status_stok in E:\laragon\www\apps\tugas\mitra_agung_malaka\views\material-keluar.php on line 98
[2024-06-09 06:23:05] Error [2]: Invalid argument supplied for foreach() in E:\laragon\www\apps\tugas\mitra_agung_malaka\views\material-keluar.php on line 98
[2024-06-09 06:23:05] Error [8]: Undefined index: jumlah in E:\laragon\www\apps\tugas\mitra_agung_malaka\views\material-keluar.php on line 108
[2024-06-09 06:23:05] Error [8]: Undefined index: id_sb in E:\laragon\www\apps\tugas\mitra_agung_malaka\views\material-keluar.php on line 116
[2024-06-09 06:23:05] Error [8]: Undefined variable: view_satuan_barang in E:\laragon\www\apps\tugas\mitra_agung_malaka\views\material-keluar.php on line 117
[2024-06-09 06:23:05] Error [2]: Invalid argument supplied for foreach() in E:\laragon\www\apps\tugas\mitra_agung_malaka\views\material-keluar.php on line 117
[2024-06-09 06:23:07] Error [8]: Undefined index: status_keluar in E:\laragon\www\apps\tugas\mitra_agung_malaka\views\material-keluar.php on line 51
[2024-06-09 06:23:07] Error [8]: Undefined index: jumlah in E:\laragon\www\apps\tugas\mitra_agung_malaka\views\material-keluar.php on line 58
[2024-06-09 06:23:07] Error [8]: Undefined index: id_bm in E:\laragon\www\apps\tugas\mitra_agung_malaka\views\material-keluar.php on line 86
[2024-06-09 06:23:07] Error [8]: Undefined variable: view_bahan_material in E:\laragon\www\apps\tugas\mitra_agung_malaka\views\material-keluar.php on line 87
[2024-06-09 06:23:07] Error [2]: Invalid argument supplied for foreach() in E:\laragon\www\apps\tugas\mitra_agung_malaka\views\material-keluar.php on line 87
[2024-06-09 06:23:07] Error [8]: Undefined index: id_ss in E:\laragon\www\apps\tugas\mitra_agung_malaka\views\material-keluar.php on line 97
[2024-06-09 06:23:07] Error [8]: Undefined variable: view_status_stok in E:\laragon\www\apps\tugas\mitra_agung_malaka\views\material-keluar.php on line 98
[2024-06-09 06:23:07] Error [2]: Invalid argument supplied for foreach() in E:\laragon\www\apps\tugas\mitra_agung_malaka\views\material-keluar.php on line 98
[2024-06-09 06:23:07] Error [8]: Undefined index: jumlah in E:\laragon\www\apps\tugas\mitra_agung_malaka\views\material-keluar.php on line 108
[2024-06-09 06:23:07] Error [8]: Undefined index: id_sb in E:\laragon\www\apps\tugas\mitra_agung_malaka\views\material-keluar.php on line 116
[2024-06-09 06:23:07] Error [8]: Undefined variable: view_satuan_barang in E:\laragon\www\apps\tugas\mitra_agung_malaka\views\material-keluar.php on line 117
[2024-06-09 06:23:07] Error [2]: Invalid argument supplied for foreach() in E:\laragon\www\apps\tugas\mitra_agung_malaka\views\material-keluar.php on line 117
[2024-06-09 06:23:52] Error [8]: Undefined index: status_keluar in E:\laragon\www\apps\tugas\mitra_agung_malaka\views\material-keluar.php on line 51
[2024-06-09 06:23:52] Error [8]: Undefined index: jumlah in E:\laragon\www\apps\tugas\mitra_agung_malaka\views\material-keluar.php on line 58
[2024-06-09 06:23:52] Error [8]: Undefined index: id_bm in E:\laragon\www\apps\tugas\mitra_agung_malaka\views\material-keluar.php on line 86
[2024-06-09 06:23:52] Error [8]: Undefined variable: view_bahan_material in E:\laragon\www\apps\tugas\mitra_agung_malaka\views\material-keluar.php on line 87
[2024-06-09 06:23:52] Error [2]: Invalid argument supplied for foreach() in E:\laragon\www\apps\tugas\mitra_agung_malaka\views\material-keluar.php on line 87
[2024-06-09 06:23:52] Error [8]: Undefined index: id_ss in E:\laragon\www\apps\tugas\mitra_agung_malaka\views\material-keluar.php on line 97
[2024-06-09 06:23:52] Error [8]: Undefined variable: view_status_stok in E:\laragon\www\apps\tugas\mitra_agung_malaka\views\material-keluar.php on line 98
[2024-06-09 06:23:52] Error [2]: Invalid argument supplied for foreach() in E:\laragon\www\apps\tugas\mitra_agung_malaka\views\material-keluar.php on line 98
[2024-06-09 06:23:52] Error [8]: Undefined index: jumlah in E:\laragon\www\apps\tugas\mitra_agung_malaka\views\material-keluar.php on line 108
[2024-06-09 06:23:52] Error [8]: Undefined index: id_sb in E:\laragon\www\apps\tugas\mitra_agung_malaka\views\material-keluar.php on line 116
[2024-06-09 06:23:52] Error [8]: Undefined variable: view_satuan_barang in E:\laragon\www\apps\tugas\mitra_agung_malaka\views\material-keluar.php on line 117
[2024-06-09 06:23:52] Error [2]: Invalid argument supplied for foreach() in E:\laragon\www\apps\tugas\mitra_agung_malaka\views\material-keluar.php on line 117
[2024-06-09 06:24:05] Error [8]: Undefined index: status_keluar in E:\laragon\www\apps\tugas\mitra_agung_malaka\views\material-keluar.php on line 51
[2024-06-09 06:24:05] Error [8]: Undefined index: jumlah in E:\laragon\www\apps\tugas\mitra_agung_malaka\views\material-keluar.php on line 58
[2024-06-09 06:24:05] Error [8]: Undefined index: id_bm in E:\laragon\www\apps\tugas\mitra_agung_malaka\views\material-keluar.php on line 86
[2024-06-09 06:24:05] Error [8]: Undefined variable: view_bahan_material in E:\laragon\www\apps\tugas\mitra_agung_malaka\views\material-keluar.php on line 87
[2024-06-09 06:24:05] Error [2]: Invalid argument supplied for foreach() in E:\laragon\www\apps\tugas\mitra_agung_malaka\views\material-keluar.php on line 87
[2024-06-09 06:24:05] Error [8]: Undefined index: id_ss in E:\laragon\www\apps\tugas\mitra_agung_malaka\views\material-keluar.php on line 97
[2024-06-09 06:24:05] Error [8]: Undefined variable: view_status_stok in E:\laragon\www\apps\tugas\mitra_agung_malaka\views\material-keluar.php on line 98
[2024-06-09 06:24:05] Error [2]: Invalid argument supplied for foreach() in E:\laragon\www\apps\tugas\mitra_agung_malaka\views\material-keluar.php on line 98
[2024-06-09 06:24:05] Error [8]: Undefined index: jumlah in E:\laragon\www\apps\tugas\mitra_agung_malaka\views\material-keluar.php on line 108
[2024-06-09 06:24:05] Error [8]: Undefined index: id_sb in E:\laragon\www\apps\tugas\mitra_agung_malaka\views\material-keluar.php on line 116
[2024-06-09 06:24:05] Error [8]: Undefined variable: view_satuan_barang in E:\laragon\www\apps\tugas\mitra_agung_malaka\views\material-keluar.php on line 117
[2024-06-09 06:24:05] Error [2]: Invalid argument supplied for foreach() in E:\laragon\www\apps\tugas\mitra_agung_malaka\views\material-keluar.php on line 117
[2024-06-09 06:24:05] Error [8]: Undefined index: status_keluar in E:\laragon\www\apps\tugas\mitra_agung_malaka\views\material-keluar.php on line 51
[2024-06-09 06:24:05] Error [8]: Undefined index: jumlah in E:\laragon\www\apps\tugas\mitra_agung_malaka\views\material-keluar.php on line 58
[2024-06-09 06:24:05] Error [8]: Undefined index: id_bm in E:\laragon\www\apps\tugas\mitra_agung_malaka\views\material-keluar.php on line 86
[2024-06-09 06:24:05] Error [8]: Undefined variable: view_bahan_material in E:\laragon\www\apps\tugas\mitra_agung_malaka\views\material-keluar.php on line 87
[2024-06-09 06:24:05] Error [2]: Invalid argument supplied for foreach() in E:\laragon\www\apps\tugas\mitra_agung_malaka\views\material-keluar.php on line 87
[2024-06-09 06:24:05] Error [8]: Undefined index: id_ss in E:\laragon\www\apps\tugas\mitra_agung_malaka\views\material-keluar.php on line 97
[2024-06-09 06:24:05] Error [8]: Undefined variable: view_status_stok in E:\laragon\www\apps\tugas\mitra_agung_malaka\views\material-keluar.php on line 98
[2024-06-09 06:24:05] Error [2]: Invalid argument supplied for foreach() in E:\laragon\www\apps\tugas\mitra_agung_malaka\views\material-keluar.php on line 98
[2024-06-09 06:24:05] Error [8]: Undefined index: jumlah in E:\laragon\www\apps\tugas\mitra_agung_malaka\views\material-keluar.php on line 108
[2024-06-09 06:24:05] Error [8]: Undefined index: id_sb in E:\laragon\www\apps\tugas\mitra_agung_malaka\views\material-keluar.php on line 116
[2024-06-09 06:24:05] Error [8]: Undefined variable: view_satuan_barang in E:\laragon\www\apps\tugas\mitra_agung_malaka\views\material-keluar.php on line 117
[2024-06-09 06:24:05] Error [2]: Invalid argument supplied for foreach() in E:\laragon\www\apps\tugas\mitra_agung_malaka\views\material-keluar.php on line 117
[2024-06-09 06:24:22] Error [8]: Undefined index: status_keluar in E:\laragon\www\apps\tugas\mitra_agung_malaka\views\material-keluar.php on line 51
[2024-06-09 06:24:22] Error [8]: Undefined index: jumlah in E:\laragon\www\apps\tugas\mitra_agung_malaka\views\material-keluar.php on line 58
[2024-06-09 06:24:22] Error [8]: Undefined index: id_bm in E:\laragon\www\apps\tugas\mitra_agung_malaka\views\material-keluar.php on line 86
[2024-06-09 06:24:22] Error [8]: Undefined variable: view_bahan_material in E:\laragon\www\apps\tugas\mitra_agung_malaka\views\material-keluar.php on line 87
[2024-06-09 06:24:22] Error [2]: Invalid argument supplied for foreach() in E:\laragon\www\apps\tugas\mitra_agung_malaka\views\material-keluar.php on line 87
[2024-06-09 06:24:22] Error [8]: Undefined index: id_ss in E:\laragon\www\apps\tugas\mitra_agung_malaka\views\material-keluar.php on line 97
[2024-06-09 06:24:22] Error [8]: Undefined variable: view_status_stok in E:\laragon\www\apps\tugas\mitra_agung_malaka\views\material-keluar.php on line 98
[2024-06-09 06:24:22] Error [2]: Invalid argument supplied for foreach() in E:\laragon\www\apps\tugas\mitra_agung_malaka\views\material-keluar.php on line 98
[2024-06-09 06:24:22] Error [8]: Undefined index: jumlah in E:\laragon\www\apps\tugas\mitra_agung_malaka\views\material-keluar.php on line 108
[2024-06-09 06:24:22] Error [8]: Undefined index: id_sb in E:\laragon\www\apps\tugas\mitra_agung_malaka\views\material-keluar.php on line 116
[2024-06-09 06:24:22] Error [8]: Undefined variable: view_satuan_barang in E:\laragon\www\apps\tugas\mitra_agung_malaka\views\material-keluar.php on line 117
[2024-06-09 06:24:22] Error [2]: Invalid argument supplied for foreach() in E:\laragon\www\apps\tugas\mitra_agung_malaka\views\material-keluar.php on line 117
[2024-06-09 06:24:22] Error [8]: Undefined index: status_keluar in E:\laragon\www\apps\tugas\mitra_agung_malaka\views\material-keluar.php on line 51
[2024-06-09 06:24:22] Error [8]: Undefined index: jumlah in E:\laragon\www\apps\tugas\mitra_agung_malaka\views\material-keluar.php on line 58
[2024-06-09 06:24:22] Error [8]: Undefined index: id_bm in E:\laragon\www\apps\tugas\mitra_agung_malaka\views\material-keluar.php on line 86
[2024-06-09 06:24:22] Error [8]: Undefined variable: view_bahan_material in E:\laragon\www\apps\tugas\mitra_agung_malaka\views\material-keluar.php on line 87
[2024-06-09 06:24:22] Error [2]: Invalid argument supplied for foreach() in E:\laragon\www\apps\tugas\mitra_agung_malaka\views\material-keluar.php on line 87
[2024-06-09 06:24:22] Error [8]: Undefined index: id_ss in E:\laragon\www\apps\tugas\mitra_agung_malaka\views\material-keluar.php on line 97
[2024-06-09 06:24:22] Error [8]: Undefined variable: view_status_stok in E:\laragon\www\apps\tugas\mitra_agung_malaka\views\material-keluar.php on line 98
[2024-06-09 06:24:22] Error [2]: Invalid argument supplied for foreach() in E:\laragon\www\apps\tugas\mitra_agung_malaka\views\material-keluar.php on line 98
[2024-06-09 06:24:22] Error [8]: Undefined index: jumlah in E:\laragon\www\apps\tugas\mitra_agung_malaka\views\material-keluar.php on line 108
[2024-06-09 06:24:22] Error [8]: Undefined index: id_sb in E:\laragon\www\apps\tugas\mitra_agung_malaka\views\material-keluar.php on line 116
[2024-06-09 06:24:22] Error [8]: Undefined variable: view_satuan_barang in E:\laragon\www\apps\tugas\mitra_agung_malaka\views\material-keluar.php on line 117
[2024-06-09 06:24:22] Error [2]: Invalid argument supplied for foreach() in E:\laragon\www\apps\tugas\mitra_agung_malaka\views\material-keluar.php on line 117
[2024-06-09 06:24:33] Error [8]: Undefined index: status_keluar in E:\laragon\www\apps\tugas\mitra_agung_malaka\views\material-keluar.php on line 51
[2024-06-09 06:24:33] Error [8]: Undefined index: jumlah in E:\laragon\www\apps\tugas\mitra_agung_malaka\views\material-keluar.php on line 58
[2024-06-09 06:24:33] Error [8]: Undefined index: id_bm in E:\laragon\www\apps\tugas\mitra_agung_malaka\views\material-keluar.php on line 86
[2024-06-09 06:24:33] Error [8]: Undefined variable: view_bahan_material in E:\laragon\www\apps\tugas\mitra_agung_malaka\views\material-keluar.php on line 87
[2024-06-09 06:24:33] Error [2]: Invalid argument supplied for foreach() in E:\laragon\www\apps\tugas\mitra_agung_malaka\views\material-keluar.php on line 87
[2024-06-09 06:24:33] Error [8]: Undefined index: id_ss in E:\laragon\www\apps\tugas\mitra_agung_malaka\views\material-keluar.php on line 97
[2024-06-09 06:24:33] Error [8]: Undefined variable: view_status_stok in E:\laragon\www\apps\tugas\mitra_agung_malaka\views\material-keluar.php on line 98
[2024-06-09 06:24:33] Error [2]: Invalid argument supplied for foreach() in E:\laragon\www\apps\tugas\mitra_agung_malaka\views\material-keluar.php on line 98
[2024-06-09 06:24:33] Error [8]: Undefined index: jumlah in E:\laragon\www\apps\tugas\mitra_agung_malaka\views\material-keluar.php on line 108
[2024-06-09 06:24:33] Error [8]: Undefined index: id_sb in E:\laragon\www\apps\tugas\mitra_agung_malaka\views\material-keluar.php on line 116
[2024-06-09 06:24:33] Error [8]: Undefined variable: view_satuan_barang in E:\laragon\www\apps\tugas\mitra_agung_malaka\views\material-keluar.php on line 117
[2024-06-09 06:24:33] Error [2]: Invalid argument supplied for foreach() in E:\laragon\www\apps\tugas\mitra_agung_malaka\views\material-keluar.php on line 117
[2024-06-09 06:24:33] Error [8]: Undefined index: status_keluar in E:\laragon\www\apps\tugas\mitra_agung_malaka\views\material-keluar.php on line 51
[2024-06-09 06:24:33] Error [8]: Undefined index: jumlah in E:\laragon\www\apps\tugas\mitra_agung_malaka\views\material-keluar.php on line 58
[2024-06-09 06:24:33] Error [8]: Undefined index: id_bm in E:\laragon\www\apps\tugas\mitra_agung_malaka\views\material-keluar.php on line 86
[2024-06-09 06:24:33] Error [8]: Undefined variable: view_bahan_material in E:\laragon\www\apps\tugas\mitra_agung_malaka\views\material-keluar.php on line 87
[2024-06-09 06:24:33] Error [2]: Invalid argument supplied for foreach() in E:\laragon\www\apps\tugas\mitra_agung_malaka\views\material-keluar.php on line 87
[2024-06-09 06:24:33] Error [8]: Undefined index: id_ss in E:\laragon\www\apps\tugas\mitra_agung_malaka\views\material-keluar.php on line 97
[2024-06-09 06:24:33] Error [8]: Undefined variable: view_status_stok in E:\laragon\www\apps\tugas\mitra_agung_malaka\views\material-keluar.php on line 98
[2024-06-09 06:24:33] Error [2]: Invalid argument supplied for foreach() in E:\laragon\www\apps\tugas\mitra_agung_malaka\views\material-keluar.php on line 98
[2024-06-09 06:24:33] Error [8]: Undefined index: jumlah in E:\laragon\www\apps\tugas\mitra_agung_malaka\views\material-keluar.php on line 108
[2024-06-09 06:24:33] Error [8]: Undefined index: id_sb in E:\laragon\www\apps\tugas\mitra_agung_malaka\views\material-keluar.php on line 116
[2024-06-09 06:24:33] Error [8]: Undefined variable: view_satuan_barang in E:\laragon\www\apps\tugas\mitra_agung_malaka\views\material-keluar.php on line 117
[2024-06-09 06:24:33] Error [2]: Invalid argument supplied for foreach() in E:\laragon\www\apps\tugas\mitra_agung_malaka\views\material-keluar.php on line 117
[2024-06-09 06:32:52] Error [8]: Undefined index: status_keluar in E:\laragon\www\apps\tugas\mitra_agung_malaka\views\material-keluar.php on line 51
[2024-06-09 06:32:52] Error [8]: Undefined index: jumlah in E:\laragon\www\apps\tugas\mitra_agung_malaka\views\material-keluar.php on line 58
[2024-06-09 06:32:52] Error [8]: Undefined index: id_bm in E:\laragon\www\apps\tugas\mitra_agung_malaka\views\material-keluar.php on line 86
[2024-06-09 06:32:52] Error [8]: Undefined variable: view_bahan_material in E:\laragon\www\apps\tugas\mitra_agung_malaka\views\material-keluar.php on line 87
[2024-06-09 06:32:52] Error [2]: Invalid argument supplied for foreach() in E:\laragon\www\apps\tugas\mitra_agung_malaka\views\material-keluar.php on line 87
[2024-06-09 06:32:52] Error [8]: Undefined index: id_ss in E:\laragon\www\apps\tugas\mitra_agung_malaka\views\material-keluar.php on line 97
[2024-06-09 06:32:52] Error [8]: Undefined variable: view_status_stok in E:\laragon\www\apps\tugas\mitra_agung_malaka\views\material-keluar.php on line 98
[2024-06-09 06:32:52] Error [2]: Invalid argument supplied for foreach() in E:\laragon\www\apps\tugas\mitra_agung_malaka\views\material-keluar.php on line 98
[2024-06-09 06:32:52] Error [8]: Undefined index: jumlah in E:\laragon\www\apps\tugas\mitra_agung_malaka\views\material-keluar.php on line 108
[2024-06-09 06:32:52] Error [8]: Undefined index: id_sb in E:\laragon\www\apps\tugas\mitra_agung_malaka\views\material-keluar.php on line 116
[2024-06-09 06:32:52] Error [8]: Undefined variable: view_satuan_barang in E:\laragon\www\apps\tugas\mitra_agung_malaka\views\material-keluar.php on line 117
[2024-06-09 06:32:52] Error [2]: Invalid argument supplied for foreach() in E:\laragon\www\apps\tugas\mitra_agung_malaka\views\material-keluar.php on line 117
[2024-06-09 06:32:52] Error [8]: Undefined index: status_keluar in E:\laragon\www\apps\tugas\mitra_agung_malaka\views\material-keluar.php on line 51
[2024-06-09 06:32:52] Error [8]: Undefined index: jumlah in E:\laragon\www\apps\tugas\mitra_agung_malaka\views\material-keluar.php on line 58
[2024-06-09 06:32:52] Error [8]: Undefined index: id_bm in E:\laragon\www\apps\tugas\mitra_agung_malaka\views\material-keluar.php on line 86
[2024-06-09 06:32:52] Error [8]: Undefined variable: view_bahan_material in E:\laragon\www\apps\tugas\mitra_agung_malaka\views\material-keluar.php on line 87
[2024-06-09 06:32:52] Error [2]: Invalid argument supplied for foreach() in E:\laragon\www\apps\tugas\mitra_agung_malaka\views\material-keluar.php on line 87
[2024-06-09 06:32:52] Error [8]: Undefined index: id_ss in E:\laragon\www\apps\tugas\mitra_agung_malaka\views\material-keluar.php on line 97
[2024-06-09 06:32:52] Error [8]: Undefined variable: view_status_stok in E:\laragon\www\apps\tugas\mitra_agung_malaka\views\material-keluar.php on line 98
[2024-06-09 06:32:52] Error [2]: Invalid argument supplied for foreach() in E:\laragon\www\apps\tugas\mitra_agung_malaka\views\material-keluar.php on line 98
[2024-06-09 06:32:52] Error [8]: Undefined index: jumlah in E:\laragon\www\apps\tugas\mitra_agung_malaka\views\material-keluar.php on line 108
[2024-06-09 06:32:52] Error [8]: Undefined index: id_sb in E:\laragon\www\apps\tugas\mitra_agung_malaka\views\material-keluar.php on line 116
[2024-06-09 06:32:52] Error [8]: Undefined variable: view_satuan_barang in E:\laragon\www\apps\tugas\mitra_agung_malaka\views\material-keluar.php on line 117
[2024-06-09 06:32:52] Error [2]: Invalid argument supplied for foreach() in E:\laragon\www\apps\tugas\mitra_agung_malaka\views\material-keluar.php on line 117
[2024-06-09 06:33:08] Error [8]: Undefined index: status_keluar in E:\laragon\www\apps\tugas\mitra_agung_malaka\views\material-keluar.php on line 51
[2024-06-09 06:33:08] Error [8]: Undefined index: jumlah in E:\laragon\www\apps\tugas\mitra_agung_malaka\views\material-keluar.php on line 58
[2024-06-09 06:33:08] Error [8]: Undefined index: id_bm in E:\laragon\www\apps\tugas\mitra_agung_malaka\views\material-keluar.php on line 86
[2024-06-09 06:33:08] Error [8]: Undefined variable: view_bahan_material in E:\laragon\www\apps\tugas\mitra_agung_malaka\views\material-keluar.php on line 87
[2024-06-09 06:33:08] Error [2]: Invalid argument supplied for foreach() in E:\laragon\www\apps\tugas\mitra_agung_malaka\views\material-keluar.php on line 87
[2024-06-09 06:33:08] Error [8]: Undefined index: id_ss in E:\laragon\www\apps\tugas\mitra_agung_malaka\views\material-keluar.php on line 97
[2024-06-09 06:33:08] Error [8]: Undefined variable: view_status_stok in E:\laragon\www\apps\tugas\mitra_agung_malaka\views\material-keluar.php on line 98
[2024-06-09 06:33:08] Error [2]: Invalid argument supplied for foreach() in E:\laragon\www\apps\tugas\mitra_agung_malaka\views\material-keluar.php on line 98
[2024-06-09 06:33:08] Error [8]: Undefined index: jumlah in E:\laragon\www\apps\tugas\mitra_agung_malaka\views\material-keluar.php on line 108
[2024-06-09 06:33:08] Error [8]: Undefined index: id_sb in E:\laragon\www\apps\tugas\mitra_agung_malaka\views\material-keluar.php on line 116
[2024-06-09 06:33:08] Error [8]: Undefined variable: view_satuan_barang in E:\laragon\www\apps\tugas\mitra_agung_malaka\views\material-keluar.php on line 117
[2024-06-09 06:33:08] Error [2]: Invalid argument supplied for foreach() in E:\laragon\www\apps\tugas\mitra_agung_malaka\views\material-keluar.php on line 117
[2024-06-09 06:33:08] Error [8]: Undefined index: status_keluar in E:\laragon\www\apps\tugas\mitra_agung_malaka\views\material-keluar.php on line 51
[2024-06-09 06:33:08] Error [8]: Undefined index: jumlah in E:\laragon\www\apps\tugas\mitra_agung_malaka\views\material-keluar.php on line 58
[2024-06-09 06:33:08] Error [8]: Undefined index: id_bm in E:\laragon\www\apps\tugas\mitra_agung_malaka\views\material-keluar.php on line 86
[2024-06-09 06:33:08] Error [8]: Undefined variable: view_bahan_material in E:\laragon\www\apps\tugas\mitra_agung_malaka\views\material-keluar.php on line 87
[2024-06-09 06:33:08] Error [2]: Invalid argument supplied for foreach() in E:\laragon\www\apps\tugas\mitra_agung_malaka\views\material-keluar.php on line 87
[2024-06-09 06:33:08] Error [8]: Undefined index: id_ss in E:\laragon\www\apps\tugas\mitra_agung_malaka\views\material-keluar.php on line 97
[2024-06-09 06:33:08] Error [8]: Undefined variable: view_status_stok in E:\laragon\www\apps\tugas\mitra_agung_malaka\views\material-keluar.php on line 98
[2024-06-09 06:33:08] Error [2]: Invalid argument supplied for foreach() in E:\laragon\www\apps\tugas\mitra_agung_malaka\views\material-keluar.php on line 98
[2024-06-09 06:33:08] Error [8]: Undefined index: jumlah in E:\laragon\www\apps\tugas\mitra_agung_malaka\views\material-keluar.php on line 108
[2024-06-09 06:33:08] Error [8]: Undefined index: id_sb in E:\laragon\www\apps\tugas\mitra_agung_malaka\views\material-keluar.php on line 116
[2024-06-09 06:33:08] Error [8]: Undefined variable: view_satuan_barang in E:\laragon\www\apps\tugas\mitra_agung_malaka\views\material-keluar.php on line 117
[2024-06-09 06:33:08] Error [2]: Invalid argument supplied for foreach() in E:\laragon\www\apps\tugas\mitra_agung_malaka\views\material-keluar.php on line 117
[2024-06-09 06:40:47] Error [8]: Undefined index: status_keluar in E:\laragon\www\apps\tugas\mitra_agung_malaka\views\material-keluar.php on line 51
[2024-06-09 06:40:47] Error [8]: Undefined index: jumlah in E:\laragon\www\apps\tugas\mitra_agung_malaka\views\material-keluar.php on line 58
[2024-06-09 06:40:47] Error [8]: Undefined index: id_bm in E:\laragon\www\apps\tugas\mitra_agung_malaka\views\material-keluar.php on line 86
[2024-06-09 06:40:47] Error [8]: Undefined variable: view_bahan_material in E:\laragon\www\apps\tugas\mitra_agung_malaka\views\material-keluar.php on line 87
[2024-06-09 06:40:47] Error [2]: Invalid argument supplied for foreach() in E:\laragon\www\apps\tugas\mitra_agung_malaka\views\material-keluar.php on line 87
[2024-06-09 06:40:47] Error [8]: Undefined index: id_ss in E:\laragon\www\apps\tugas\mitra_agung_malaka\views\material-keluar.php on line 97
[2024-06-09 06:40:47] Error [8]: Undefined variable: view_status_stok in E:\laragon\www\apps\tugas\mitra_agung_malaka\views\material-keluar.php on line 98
[2024-06-09 06:40:47] Error [2]: Invalid argument supplied for foreach() in E:\laragon\www\apps\tugas\mitra_agung_malaka\views\material-keluar.php on line 98
[2024-06-09 06:40:47] Error [8]: Undefined index: jumlah in E:\laragon\www\apps\tugas\mitra_agung_malaka\views\material-keluar.php on line 108
[2024-06-09 06:40:47] Error [8]: Undefined index: id_sb in E:\laragon\www\apps\tugas\mitra_agung_malaka\views\material-keluar.php on line 116
[2024-06-09 06:40:47] Error [8]: Undefined variable: view_satuan_barang in E:\laragon\www\apps\tugas\mitra_agung_malaka\views\material-keluar.php on line 117
[2024-06-09 06:40:47] Error [2]: Invalid argument supplied for foreach() in E:\laragon\www\apps\tugas\mitra_agung_malaka\views\material-keluar.php on line 117
[2024-06-09 06:41:31] Error [8]: Undefined index: status_keluar in E:\laragon\www\apps\tugas\mitra_agung_malaka\views\material-keluar.php on line 51
[2024-06-09 06:41:31] Error [8]: Undefined index: jumlah in E:\laragon\www\apps\tugas\mitra_agung_malaka\views\material-keluar.php on line 58
[2024-06-09 06:41:31] Error [8]: Undefined index: id_bm in E:\laragon\www\apps\tugas\mitra_agung_malaka\views\material-keluar.php on line 86
[2024-06-09 06:41:31] Error [8]: Undefined variable: view_bahan_material in E:\laragon\www\apps\tugas\mitra_agung_malaka\views\material-keluar.php on line 87
[2024-06-09 06:41:31] Error [2]: Invalid argument supplied for foreach() in E:\laragon\www\apps\tugas\mitra_agung_malaka\views\material-keluar.php on line 87
[2024-06-09 06:41:31] Error [8]: Undefined index: id_ss in E:\laragon\www\apps\tugas\mitra_agung_malaka\views\material-keluar.php on line 97
[2024-06-09 06:41:31] Error [8]: Undefined variable: view_status_stok in E:\laragon\www\apps\tugas\mitra_agung_malaka\views\material-keluar.php on line 98
[2024-06-09 06:41:31] Error [2]: Invalid argument supplied for foreach() in E:\laragon\www\apps\tugas\mitra_agung_malaka\views\material-keluar.php on line 98
[2024-06-09 06:41:31] Error [8]: Undefined index: jumlah in E:\laragon\www\apps\tugas\mitra_agung_malaka\views\material-keluar.php on line 108
[2024-06-09 06:41:31] Error [8]: Undefined index: id_sb in E:\laragon\www\apps\tugas\mitra_agung_malaka\views\material-keluar.php on line 116
[2024-06-09 06:41:31] Error [8]: Undefined variable: view_satuan_barang in E:\laragon\www\apps\tugas\mitra_agung_malaka\views\material-keluar.php on line 117
[2024-06-09 06:41:31] Error [2]: Invalid argument supplied for foreach() in E:\laragon\www\apps\tugas\mitra_agung_malaka\views\material-keluar.php on line 117
[2024-06-09 06:41:39] Error [8]: Undefined index: status_keluar in E:\laragon\www\apps\tugas\mitra_agung_malaka\views\material-keluar.php on line 51
[2024-06-09 06:41:39] Error [8]: Undefined index: jumlah in E:\laragon\www\apps\tugas\mitra_agung_malaka\views\material-keluar.php on line 58
[2024-06-09 06:41:39] Error [8]: Undefined index: id_bm in E:\laragon\www\apps\tugas\mitra_agung_malaka\views\material-keluar.php on line 86
[2024-06-09 06:41:39] Error [8]: Undefined variable: view_bahan_material in E:\laragon\www\apps\tugas\mitra_agung_malaka\views\material-keluar.php on line 87
[2024-06-09 06:41:39] Error [2]: Invalid argument supplied for foreach() in E:\laragon\www\apps\tugas\mitra_agung_malaka\views\material-keluar.php on line 87
[2024-06-09 06:41:39] Error [8]: Undefined index: id_ss in E:\laragon\www\apps\tugas\mitra_agung_malaka\views\material-keluar.php on line 97
[2024-06-09 06:41:39] Error [8]: Undefined variable: view_status_stok in E:\laragon\www\apps\tugas\mitra_agung_malaka\views\material-keluar.php on line 98
[2024-06-09 06:41:39] Error [2]: Invalid argument supplied for foreach() in E:\laragon\www\apps\tugas\mitra_agung_malaka\views\material-keluar.php on line 98
[2024-06-09 06:41:39] Error [8]: Undefined index: jumlah in E:\laragon\www\apps\tugas\mitra_agung_malaka\views\material-keluar.php on line 108
[2024-06-09 06:41:39] Error [8]: Undefined index: id_sb in E:\laragon\www\apps\tugas\mitra_agung_malaka\views\material-keluar.php on line 116
[2024-06-09 06:41:39] Error [8]: Undefined variable: view_satuan_barang in E:\laragon\www\apps\tugas\mitra_agung_malaka\views\material-keluar.php on line 117
[2024-06-09 06:41:39] Error [2]: Invalid argument supplied for foreach() in E:\laragon\www\apps\tugas\mitra_agung_malaka\views\material-keluar.php on line 117
[2024-06-09 06:41:53] Error [8]: Undefined index: status_keluar in E:\laragon\www\apps\tugas\mitra_agung_malaka\views\material-keluar.php on line 51
[2024-06-09 06:41:53] Error [8]: Undefined index: jumlah in E:\laragon\www\apps\tugas\mitra_agung_malaka\views\material-keluar.php on line 58
[2024-06-09 06:41:53] Error [8]: Undefined index: id_bm in E:\laragon\www\apps\tugas\mitra_agung_malaka\views\material-keluar.php on line 86
[2024-06-09 06:41:53] Error [8]: Undefined variable: view_bahan_material in E:\laragon\www\apps\tugas\mitra_agung_malaka\views\material-keluar.php on line 87
[2024-06-09 06:41:53] Error [2]: Invalid argument supplied for foreach() in E:\laragon\www\apps\tugas\mitra_agung_malaka\views\material-keluar.php on line 87
[2024-06-09 06:41:53] Error [8]: Undefined index: id_ss in E:\laragon\www\apps\tugas\mitra_agung_malaka\views\material-keluar.php on line 97
[2024-06-09 06:41:53] Error [8]: Undefined variable: view_status_stok in E:\laragon\www\apps\tugas\mitra_agung_malaka\views\material-keluar.php on line 98
[2024-06-09 06:41:53] Error [2]: Invalid argument supplied for foreach() in E:\laragon\www\apps\tugas\mitra_agung_malaka\views\material-keluar.php on line 98
[2024-06-09 06:41:53] Error [8]: Undefined index: jumlah in E:\laragon\www\apps\tugas\mitra_agung_malaka\views\material-keluar.php on line 108
[2024-06-09 06:41:53] Error [8]: Undefined index: id_sb in E:\laragon\www\apps\tugas\mitra_agung_malaka\views\material-keluar.php on line 116
[2024-06-09 06:41:53] Error [8]: Undefined variable: view_satuan_barang in E:\laragon\www\apps\tugas\mitra_agung_malaka\views\material-keluar.php on line 117
[2024-06-09 06:41:53] Error [2]: Invalid argument supplied for foreach() in E:\laragon\www\apps\tugas\mitra_agung_malaka\views\material-keluar.php on line 117
[2024-06-09 06:41:53] Error [8]: Undefined index: status_keluar in E:\laragon\www\apps\tugas\mitra_agung_malaka\views\material-keluar.php on line 51
[2024-06-09 06:41:53] Error [8]: Undefined index: jumlah in E:\laragon\www\apps\tugas\mitra_agung_malaka\views\material-keluar.php on line 58
[2024-06-09 06:41:53] Error [8]: Undefined index: id_bm in E:\laragon\www\apps\tugas\mitra_agung_malaka\views\material-keluar.php on line 86
[2024-06-09 06:41:53] Error [8]: Undefined variable: view_bahan_material in E:\laragon\www\apps\tugas\mitra_agung_malaka\views\material-keluar.php on line 87
[2024-06-09 06:41:53] Error [2]: Invalid argument supplied for foreach() in E:\laragon\www\apps\tugas\mitra_agung_malaka\views\material-keluar.php on line 87
[2024-06-09 06:41:53] Error [8]: Undefined index: id_ss in E:\laragon\www\apps\tugas\mitra_agung_malaka\views\material-keluar.php on line 97
[2024-06-09 06:41:53] Error [8]: Undefined variable: view_status_stok in E:\laragon\www\apps\tugas\mitra_agung_malaka\views\material-keluar.php on line 98
[2024-06-09 06:41:53] Error [2]: Invalid argument supplied for foreach() in E:\laragon\www\apps\tugas\mitra_agung_malaka\views\material-keluar.php on line 98
[2024-06-09 06:41:53] Error [8]: Undefined index: jumlah in E:\laragon\www\apps\tugas\mitra_agung_malaka\views\material-keluar.php on line 108
[2024-06-09 06:41:53] Error [8]: Undefined index: id_sb in E:\laragon\www\apps\tugas\mitra_agung_malaka\views\material-keluar.php on line 116
[2024-06-09 06:41:53] Error [8]: Undefined variable: view_satuan_barang in E:\laragon\www\apps\tugas\mitra_agung_malaka\views\material-keluar.php on line 117
[2024-06-09 06:41:53] Error [2]: Invalid argument supplied for foreach() in E:\laragon\www\apps\tugas\mitra_agung_malaka\views\material-keluar.php on line 117
[2024-06-09 06:42:08] Error [8]: Undefined index: status_keluar in E:\laragon\www\apps\tugas\mitra_agung_malaka\views\material-keluar.php on line 51
[2024-06-09 06:42:08] Error [8]: Undefined index: jumlah in E:\laragon\www\apps\tugas\mitra_agung_malaka\views\material-keluar.php on line 58
[2024-06-09 06:42:08] Error [8]: Undefined index: id_bm in E:\laragon\www\apps\tugas\mitra_agung_malaka\views\material-keluar.php on line 86
[2024-06-09 06:42:08] Error [8]: Undefined variable: view_bahan_material in E:\laragon\www\apps\tugas\mitra_agung_malaka\views\material-keluar.php on line 87
[2024-06-09 06:42:08] Error [2]: Invalid argument supplied for foreach() in E:\laragon\www\apps\tugas\mitra_agung_malaka\views\material-keluar.php on line 87
[2024-06-09 06:42:08] Error [8]: Undefined index: id_ss in E:\laragon\www\apps\tugas\mitra_agung_malaka\views\material-keluar.php on line 97
[2024-06-09 06:42:08] Error [8]: Undefined variable: view_status_stok in E:\laragon\www\apps\tugas\mitra_agung_malaka\views\material-keluar.php on line 98
[2024-06-09 06:42:08] Error [2]: Invalid argument supplied for foreach() in E:\laragon\www\apps\tugas\mitra_agung_malaka\views\material-keluar.php on line 98
[2024-06-09 06:42:08] Error [8]: Undefined index: jumlah in E:\laragon\www\apps\tugas\mitra_agung_malaka\views\material-keluar.php on line 108
[2024-06-09 06:42:08] Error [8]: Undefined index: id_sb in E:\laragon\www\apps\tugas\mitra_agung_malaka\views\material-keluar.php on line 116
[2024-06-09 06:42:08] Error [8]: Undefined variable: view_satuan_barang in E:\laragon\www\apps\tugas\mitra_agung_malaka\views\material-keluar.php on line 117
[2024-06-09 06:42:08] Error [2]: Invalid argument supplied for foreach() in E:\laragon\www\apps\tugas\mitra_agung_malaka\views\material-keluar.php on line 117
[2024-06-09 06:42:08] Error [8]: Undefined index: status_keluar in E:\laragon\www\apps\tugas\mitra_agung_malaka\views\material-keluar.php on line 51
[2024-06-09 06:42:08] Error [8]: Undefined index: jumlah in E:\laragon\www\apps\tugas\mitra_agung_malaka\views\material-keluar.php on line 58
[2024-06-09 06:42:08] Error [8]: Undefined index: id_bm in E:\laragon\www\apps\tugas\mitra_agung_malaka\views\material-keluar.php on line 86
[2024-06-09 06:42:08] Error [8]: Undefined variable: view_bahan_material in E:\laragon\www\apps\tugas\mitra_agung_malaka\views\material-keluar.php on line 87
[2024-06-09 06:42:08] Error [2]: Invalid argument supplied for foreach() in E:\laragon\www\apps\tugas\mitra_agung_malaka\views\material-keluar.php on line 87
[2024-06-09 06:42:08] Error [8]: Undefined index: id_ss in E:\laragon\www\apps\tugas\mitra_agung_malaka\views\material-keluar.php on line 97
[2024-06-09 06:42:08] Error [8]: Undefined variable: view_status_stok in E:\laragon\www\apps\tugas\mitra_agung_malaka\views\material-keluar.php on line 98
[2024-06-09 06:42:08] Error [2]: Invalid argument supplied for foreach() in E:\laragon\www\apps\tugas\mitra_agung_malaka\views\material-keluar.php on line 98
[2024-06-09 06:42:08] Error [8]: Undefined index: jumlah in E:\laragon\www\apps\tugas\mitra_agung_malaka\views\material-keluar.php on line 108
[2024-06-09 06:42:08] Error [8]: Undefined index: id_sb in E:\laragon\www\apps\tugas\mitra_agung_malaka\views\material-keluar.php on line 116
[2024-06-09 06:42:08] Error [8]: Undefined variable: view_satuan_barang in E:\laragon\www\apps\tugas\mitra_agung_malaka\views\material-keluar.php on line 117
[2024-06-09 06:42:08] Error [2]: Invalid argument supplied for foreach() in E:\laragon\www\apps\tugas\mitra_agung_malaka\views\material-keluar.php on line 117
[2024-06-09 06:42:08] Error [8]: Undefined index: status_keluar in E:\laragon\www\apps\tugas\mitra_agung_malaka\views\material-keluar.php on line 51
[2024-06-09 06:42:08] Error [8]: Undefined index: jumlah in E:\laragon\www\apps\tugas\mitra_agung_malaka\views\material-keluar.php on line 58
[2024-06-09 06:42:08] Error [8]: Undefined index: id_bm in E:\laragon\www\apps\tugas\mitra_agung_malaka\views\material-keluar.php on line 86
[2024-06-09 06:42:08] Error [8]: Undefined variable: view_bahan_material in E:\laragon\www\apps\tugas\mitra_agung_malaka\views\material-keluar.php on line 87
[2024-06-09 06:42:08] Error [2]: Invalid argument supplied for foreach() in E:\laragon\www\apps\tugas\mitra_agung_malaka\views\material-keluar.php on line 87
[2024-06-09 06:42:08] Error [8]: Undefined index: id_ss in E:\laragon\www\apps\tugas\mitra_agung_malaka\views\material-keluar.php on line 97
[2024-06-09 06:42:08] Error [8]: Undefined variable: view_status_stok in E:\laragon\www\apps\tugas\mitra_agung_malaka\views\material-keluar.php on line 98
[2024-06-09 06:42:08] Error [2]: Invalid argument supplied for foreach() in E:\laragon\www\apps\tugas\mitra_agung_malaka\views\material-keluar.php on line 98
[2024-06-09 06:42:08] Error [8]: Undefined index: jumlah in E:\laragon\www\apps\tugas\mitra_agung_malaka\views\material-keluar.php on line 108
[2024-06-09 06:42:08] Error [8]: Undefined index: id_sb in E:\laragon\www\apps\tugas\mitra_agung_malaka\views\material-keluar.php on line 116
[2024-06-09 06:42:08] Error [8]: Undefined variable: view_satuan_barang in E:\laragon\www\apps\tugas\mitra_agung_malaka\views\material-keluar.php on line 117
[2024-06-09 06:42:08] Error [2]: Invalid argument supplied for foreach() in E:\laragon\www\apps\tugas\mitra_agung_malaka\views\material-keluar.php on line 117
[2024-06-09 06:42:53] Error [8]: Undefined index: status_keluar in E:\laragon\www\apps\tugas\mitra_agung_malaka\views\material-keluar.php on line 51
[2024-06-09 06:42:53] Error [8]: Undefined index: jumlah in E:\laragon\www\apps\tugas\mitra_agung_malaka\views\material-keluar.php on line 58
[2024-06-09 06:42:53] Error [8]: Undefined index: id_bm in E:\laragon\www\apps\tugas\mitra_agung_malaka\views\material-keluar.php on line 86
[2024-06-09 06:42:53] Error [8]: Undefined variable: view_bahan_material in E:\laragon\www\apps\tugas\mitra_agung_malaka\views\material-keluar.php on line 87
[2024-06-09 06:42:53] Error [2]: Invalid argument supplied for foreach() in E:\laragon\www\apps\tugas\mitra_agung_malaka\views\material-keluar.php on line 87
[2024-06-09 06:42:53] Error [8]: Undefined index: id_ss in E:\laragon\www\apps\tugas\mitra_agung_malaka\views\material-keluar.php on line 97
[2024-06-09 06:42:53] Error [8]: Undefined variable: view_status_stok in E:\laragon\www\apps\tugas\mitra_agung_malaka\views\material-keluar.php on line 98
[2024-06-09 06:42:53] Error [2]: Invalid argument supplied for foreach() in E:\laragon\www\apps\tugas\mitra_agung_malaka\views\material-keluar.php on line 98
[2024-06-09 06:42:53] Error [8]: Undefined index: jumlah in E:\laragon\www\apps\tugas\mitra_agung_malaka\views\material-keluar.php on line 108
[2024-06-09 06:42:53] Error [8]: Undefined index: id_sb in E:\laragon\www\apps\tugas\mitra_agung_malaka\views\material-keluar.php on line 116
[2024-06-09 06:42:53] Error [8]: Undefined variable: view_satuan_barang in E:\laragon\www\apps\tugas\mitra_agung_malaka\views\material-keluar.php on line 117
[2024-06-09 06:42:53] Error [2]: Invalid argument supplied for foreach() in E:\laragon\www\apps\tugas\mitra_agung_malaka\views\material-keluar.php on line 117
[2024-06-09 06:42:53] Error [8]: Undefined index: status_keluar in E:\laragon\www\apps\tugas\mitra_agung_malaka\views\material-keluar.php on line 51
[2024-06-09 06:42:53] Error [8]: Undefined index: jumlah in E:\laragon\www\apps\tugas\mitra_agung_malaka\views\material-keluar.php on line 58
[2024-06-09 06:42:53] Error [8]: Undefined index: id_bm in E:\laragon\www\apps\tugas\mitra_agung_malaka\views\material-keluar.php on line 86
[2024-06-09 06:42:53] Error [8]: Undefined variable: view_bahan_material in E:\laragon\www\apps\tugas\mitra_agung_malaka\views\material-keluar.php on line 87
[2024-06-09 06:42:53] Error [2]: Invalid argument supplied for foreach() in E:\laragon\www\apps\tugas\mitra_agung_malaka\views\material-keluar.php on line 87
[2024-06-09 06:42:53] Error [8]: Undefined index: id_ss in E:\laragon\www\apps\tugas\mitra_agung_malaka\views\material-keluar.php on line 97
[2024-06-09 06:42:53] Error [8]: Undefined variable: view_status_stok in E:\laragon\www\apps\tugas\mitra_agung_malaka\views\material-keluar.php on line 98
[2024-06-09 06:42:53] Error [2]: Invalid argument supplied for foreach() in E:\laragon\www\apps\tugas\mitra_agung_malaka\views\material-keluar.php on line 98
[2024-06-09 06:42:53] Error [8]: Undefined index: jumlah in E:\laragon\www\apps\tugas\mitra_agung_malaka\views\material-keluar.php on line 108
[2024-06-09 06:42:53] Error [8]: Undefined index: id_sb in E:\laragon\www\apps\tugas\mitra_agung_malaka\views\material-keluar.php on line 116
[2024-06-09 06:42:53] Error [8]: Undefined variable: view_satuan_barang in E:\laragon\www\apps\tugas\mitra_agung_malaka\views\material-keluar.php on line 117
[2024-06-09 06:42:53] Error [2]: Invalid argument supplied for foreach() in E:\laragon\www\apps\tugas\mitra_agung_malaka\views\material-keluar.php on line 117
[2024-06-09 06:42:53] Error [8]: Undefined index: status_keluar in E:\laragon\www\apps\tugas\mitra_agung_malaka\views\material-keluar.php on line 51
[2024-06-09 06:42:53] Error [8]: Undefined index: jumlah in E:\laragon\www\apps\tugas\mitra_agung_malaka\views\material-keluar.php on line 58
[2024-06-09 06:42:53] Error [8]: Undefined index: id_bm in E:\laragon\www\apps\tugas\mitra_agung_malaka\views\material-keluar.php on line 86
[2024-06-09 06:42:53] Error [8]: Undefined variable: view_bahan_material in E:\laragon\www\apps\tugas\mitra_agung_malaka\views\material-keluar.php on line 87
[2024-06-09 06:42:53] Error [2]: Invalid argument supplied for foreach() in E:\laragon\www\apps\tugas\mitra_agung_malaka\views\material-keluar.php on line 87
[2024-06-09 06:42:53] Error [8]: Undefined index: id_ss in E:\laragon\www\apps\tugas\mitra_agung_malaka\views\material-keluar.php on line 97
[2024-06-09 06:42:53] Error [8]: Undefined variable: view_status_stok in E:\laragon\www\apps\tugas\mitra_agung_malaka\views\material-keluar.php on line 98
[2024-06-09 06:42:53] Error [2]: Invalid argument supplied for foreach() in E:\laragon\www\apps\tugas\mitra_agung_malaka\views\material-keluar.php on line 98
[2024-06-09 06:42:53] Error [8]: Undefined index: jumlah in E:\laragon\www\apps\tugas\mitra_agung_malaka\views\material-keluar.php on line 108
[2024-06-09 06:42:53] Error [8]: Undefined index: id_sb in E:\laragon\www\apps\tugas\mitra_agung_malaka\views\material-keluar.php on line 116
[2024-06-09 06:42:53] Error [8]: Undefined variable: view_satuan_barang in E:\laragon\www\apps\tugas\mitra_agung_malaka\views\material-keluar.php on line 117
[2024-06-09 06:42:53] Error [2]: Invalid argument supplied for foreach() in E:\laragon\www\apps\tugas\mitra_agung_malaka\views\material-keluar.php on line 117
[2024-06-09 06:42:56] Error [8]: Undefined index: status_keluar in E:\laragon\www\apps\tugas\mitra_agung_malaka\views\material-keluar.php on line 51
[2024-06-09 06:42:56] Error [8]: Undefined index: jumlah in E:\laragon\www\apps\tugas\mitra_agung_malaka\views\material-keluar.php on line 58
[2024-06-09 06:42:56] Error [8]: Undefined index: id_bm in E:\laragon\www\apps\tugas\mitra_agung_malaka\views\material-keluar.php on line 86
[2024-06-09 06:42:56] Error [8]: Undefined variable: view_bahan_material in E:\laragon\www\apps\tugas\mitra_agung_malaka\views\material-keluar.php on line 87
[2024-06-09 06:42:56] Error [2]: Invalid argument supplied for foreach() in E:\laragon\www\apps\tugas\mitra_agung_malaka\views\material-keluar.php on line 87
[2024-06-09 06:42:56] Error [8]: Undefined index: id_ss in E:\laragon\www\apps\tugas\mitra_agung_malaka\views\material-keluar.php on line 97
[2024-06-09 06:42:56] Error [8]: Undefined variable: view_status_stok in E:\laragon\www\apps\tugas\mitra_agung_malaka\views\material-keluar.php on line 98
[2024-06-09 06:42:56] Error [2]: Invalid argument supplied for foreach() in E:\laragon\www\apps\tugas\mitra_agung_malaka\views\material-keluar.php on line 98
[2024-06-09 06:42:56] Error [8]: Undefined index: jumlah in E:\laragon\www\apps\tugas\mitra_agung_malaka\views\material-keluar.php on line 108
[2024-06-09 06:42:56] Error [8]: Undefined index: id_sb in E:\laragon\www\apps\tugas\mitra_agung_malaka\views\material-keluar.php on line 116
[2024-06-09 06:42:56] Error [8]: Undefined variable: view_satuan_barang in E:\laragon\www\apps\tugas\mitra_agung_malaka\views\material-keluar.php on line 117
[2024-06-09 06:42:56] Error [2]: Invalid argument supplied for foreach() in E:\laragon\www\apps\tugas\mitra_agung_malaka\views\material-keluar.php on line 117
[2024-06-09 06:42:56] Error [8]: Undefined index: status_keluar in E:\laragon\www\apps\tugas\mitra_agung_malaka\views\material-keluar.php on line 51
[2024-06-09 06:42:56] Error [8]: Undefined index: jumlah in E:\laragon\www\apps\tugas\mitra_agung_malaka\views\material-keluar.php on line 58
[2024-06-09 06:42:56] Error [8]: Undefined index: id_bm in E:\laragon\www\apps\tugas\mitra_agung_malaka\views\material-keluar.php on line 86
[2024-06-09 06:42:56] Error [8]: Undefined variable: view_bahan_material in E:\laragon\www\apps\tugas\mitra_agung_malaka\views\material-keluar.php on line 87
[2024-06-09 06:42:56] Error [2]: Invalid argument supplied for foreach() in E:\laragon\www\apps\tugas\mitra_agung_malaka\views\material-keluar.php on line 87
[2024-06-09 06:42:56] Error [8]: Undefined index: id_ss in E:\laragon\www\apps\tugas\mitra_agung_malaka\views\material-keluar.php on line 97
[2024-06-09 06:42:56] Error [8]: Undefined variable: view_status_stok in E:\laragon\www\apps\tugas\mitra_agung_malaka\views\material-keluar.php on line 98
[2024-06-09 06:42:56] Error [2]: Invalid argument supplied for foreach() in E:\laragon\www\apps\tugas\mitra_agung_malaka\views\material-keluar.php on line 98
[2024-06-09 06:42:56] Error [8]: Undefined index: jumlah in E:\laragon\www\apps\tugas\mitra_agung_malaka\views\material-keluar.php on line 108
[2024-06-09 06:42:56] Error [8]: Undefined index: id_sb in E:\laragon\www\apps\tugas\mitra_agung_malaka\views\material-keluar.php on line 116
[2024-06-09 06:42:56] Error [8]: Undefined variable: view_satuan_barang in E:\laragon\www\apps\tugas\mitra_agung_malaka\views\material-keluar.php on line 117
[2024-06-09 06:42:56] Error [2]: Invalid argument supplied for foreach() in E:\laragon\www\apps\tugas\mitra_agung_malaka\views\material-keluar.php on line 117
[2024-06-09 06:43:37] Error [8]: Undefined index: status_keluar in E:\laragon\www\apps\tugas\mitra_agung_malaka\views\material-keluar.php on line 51
[2024-06-09 06:43:37] Error [8]: Undefined index: jumlah in E:\laragon\www\apps\tugas\mitra_agung_malaka\views\material-keluar.php on line 58
[2024-06-09 06:43:37] Error [8]: Undefined index: id_bm in E:\laragon\www\apps\tugas\mitra_agung_malaka\views\material-keluar.php on line 86
[2024-06-09 06:43:37] Error [8]: Undefined variable: view_bahan_material in E:\laragon\www\apps\tugas\mitra_agung_malaka\views\material-keluar.php on line 87
[2024-06-09 06:43:37] Error [2]: Invalid argument supplied for foreach() in E:\laragon\www\apps\tugas\mitra_agung_malaka\views\material-keluar.php on line 87
[2024-06-09 06:43:37] Error [8]: Undefined index: id_ss in E:\laragon\www\apps\tugas\mitra_agung_malaka\views\material-keluar.php on line 97
[2024-06-09 06:43:37] Error [8]: Undefined variable: view_status_stok in E:\laragon\www\apps\tugas\mitra_agung_malaka\views\material-keluar.php on line 98
[2024-06-09 06:43:37] Error [2]: Invalid argument supplied for foreach() in E:\laragon\www\apps\tugas\mitra_agung_malaka\views\material-keluar.php on line 98
[2024-06-09 06:43:37] Error [8]: Undefined index: jumlah in E:\laragon\www\apps\tugas\mitra_agung_malaka\views\material-keluar.php on line 108
[2024-06-09 06:43:37] Error [8]: Undefined index: id_sb in E:\laragon\www\apps\tugas\mitra_agung_malaka\views\material-keluar.php on line 116
[2024-06-09 06:43:37] Error [8]: Undefined variable: view_satuan_barang in E:\laragon\www\apps\tugas\mitra_agung_malaka\views\material-keluar.php on line 117
[2024-06-09 06:43:37] Error [2]: Invalid argument supplied for foreach() in E:\laragon\www\apps\tugas\mitra_agung_malaka\views\material-keluar.php on line 117
[2024-06-09 06:43:37] Error [8]: Undefined index: status_keluar in E:\laragon\www\apps\tugas\mitra_agung_malaka\views\material-keluar.php on line 51
[2024-06-09 06:43:37] Error [8]: Undefined index: jumlah in E:\laragon\www\apps\tugas\mitra_agung_malaka\views\material-keluar.php on line 58
[2024-06-09 06:43:37] Error [8]: Undefined index: id_bm in E:\laragon\www\apps\tugas\mitra_agung_malaka\views\material-keluar.php on line 86
[2024-06-09 06:43:37] Error [8]: Undefined variable: view_bahan_material in E:\laragon\www\apps\tugas\mitra_agung_malaka\views\material-keluar.php on line 87
[2024-06-09 06:43:37] Error [2]: Invalid argument supplied for foreach() in E:\laragon\www\apps\tugas\mitra_agung_malaka\views\material-keluar.php on line 87
[2024-06-09 06:43:37] Error [8]: Undefined index: id_ss in E:\laragon\www\apps\tugas\mitra_agung_malaka\views\material-keluar.php on line 97
[2024-06-09 06:43:37] Error [8]: Undefined variable: view_status_stok in E:\laragon\www\apps\tugas\mitra_agung_malaka\views\material-keluar.php on line 98
[2024-06-09 06:43:37] Error [2]: Invalid argument supplied for foreach() in E:\laragon\www\apps\tugas\mitra_agung_malaka\views\material-keluar.php on line 98
[2024-06-09 06:43:37] Error [8]: Undefined index: jumlah in E:\laragon\www\apps\tugas\mitra_agung_malaka\views\material-keluar.php on line 108
[2024-06-09 06:43:37] Error [8]: Undefined index: id_sb in E:\laragon\www\apps\tugas\mitra_agung_malaka\views\material-keluar.php on line 116
[2024-06-09 06:43:37] Error [8]: Undefined variable: view_satuan_barang in E:\laragon\www\apps\tugas\mitra_agung_malaka\views\material-keluar.php on line 117
[2024-06-09 06:43:37] Error [2]: Invalid argument supplied for foreach() in E:\laragon\www\apps\tugas\mitra_agung_malaka\views\material-keluar.php on line 117
[2024-06-09 06:43:42] Error [8]: Undefined index: status_keluar in E:\laragon\www\apps\tugas\mitra_agung_malaka\views\material-keluar.php on line 51
[2024-06-09 06:43:42] Error [8]: Undefined index: jumlah in E:\laragon\www\apps\tugas\mitra_agung_malaka\views\material-keluar.php on line 58
[2024-06-09 06:43:42] Error [8]: Undefined index: id_bm in E:\laragon\www\apps\tugas\mitra_agung_malaka\views\material-keluar.php on line 86
[2024-06-09 06:43:42] Error [8]: Undefined variable: view_bahan_material in E:\laragon\www\apps\tugas\mitra_agung_malaka\views\material-keluar.php on line 87
[2024-06-09 06:43:42] Error [2]: Invalid argument supplied for foreach() in E:\laragon\www\apps\tugas\mitra_agung_malaka\views\material-keluar.php on line 87
[2024-06-09 06:43:42] Error [8]: Undefined index: id_ss in E:\laragon\www\apps\tugas\mitra_agung_malaka\views\material-keluar.php on line 97
[2024-06-09 06:43:42] Error [8]: Undefined variable: view_status_stok in E:\laragon\www\apps\tugas\mitra_agung_malaka\views\material-keluar.php on line 98
[2024-06-09 06:43:42] Error [2]: Invalid argument supplied for foreach() in E:\laragon\www\apps\tugas\mitra_agung_malaka\views\material-keluar.php on line 98
[2024-06-09 06:43:42] Error [8]: Undefined index: jumlah in E:\laragon\www\apps\tugas\mitra_agung_malaka\views\material-keluar.php on line 108
[2024-06-09 06:43:42] Error [8]: Undefined index: id_sb in E:\laragon\www\apps\tugas\mitra_agung_malaka\views\material-keluar.php on line 116
[2024-06-09 06:43:42] Error [8]: Undefined variable: view_satuan_barang in E:\laragon\www\apps\tugas\mitra_agung_malaka\views\material-keluar.php on line 117
[2024-06-09 06:43:42] Error [2]: Invalid argument supplied for foreach() in E:\laragon\www\apps\tugas\mitra_agung_malaka\views\material-keluar.php on line 117
[2024-06-09 06:43:59] Error [8]: Undefined index: status_keluar in E:\laragon\www\apps\tugas\mitra_agung_malaka\views\material-keluar.php on line 51
[2024-06-09 06:43:59] Error [8]: Undefined index: jumlah in E:\laragon\www\apps\tugas\mitra_agung_malaka\views\material-keluar.php on line 58
[2024-06-09 06:43:59] Error [8]: Undefined index: id_bm in E:\laragon\www\apps\tugas\mitra_agung_malaka\views\material-keluar.php on line 86
[2024-06-09 06:43:59] Error [8]: Undefined variable: view_bahan_material in E:\laragon\www\apps\tugas\mitra_agung_malaka\views\material-keluar.php on line 87
[2024-06-09 06:43:59] Error [2]: Invalid argument supplied for foreach() in E:\laragon\www\apps\tugas\mitra_agung_malaka\views\material-keluar.php on line 87
[2024-06-09 06:43:59] Error [8]: Undefined index: id_ss in E:\laragon\www\apps\tugas\mitra_agung_malaka\views\material-keluar.php on line 97
[2024-06-09 06:43:59] Error [8]: Undefined variable: view_status_stok in E:\laragon\www\apps\tugas\mitra_agung_malaka\views\material-keluar.php on line 98
[2024-06-09 06:43:59] Error [2]: Invalid argument supplied for foreach() in E:\laragon\www\apps\tugas\mitra_agung_malaka\views\material-keluar.php on line 98
[2024-06-09 06:43:59] Error [8]: Undefined index: jumlah in E:\laragon\www\apps\tugas\mitra_agung_malaka\views\material-keluar.php on line 108
[2024-06-09 06:43:59] Error [8]: Undefined index: id_sb in E:\laragon\www\apps\tugas\mitra_agung_malaka\views\material-keluar.php on line 116
[2024-06-09 06:43:59] Error [8]: Undefined variable: view_satuan_barang in E:\laragon\www\apps\tugas\mitra_agung_malaka\views\material-keluar.php on line 117
[2024-06-09 06:43:59] Error [2]: Invalid argument supplied for foreach() in E:\laragon\www\apps\tugas\mitra_agung_malaka\views\material-keluar.php on line 117
[2024-06-09 06:46:14] Error [8]: Undefined index: status_keluar in E:\laragon\www\apps\tugas\mitra_agung_malaka\views\material-keluar.php on line 51
[2024-06-09 06:46:14] Error [8]: Undefined index: jumlah in E:\laragon\www\apps\tugas\mitra_agung_malaka\views\material-keluar.php on line 58
[2024-06-09 06:46:14] Error [8]: Undefined index: id_bm in E:\laragon\www\apps\tugas\mitra_agung_malaka\views\material-keluar.php on line 86
[2024-06-09 06:46:14] Error [8]: Undefined variable: view_bahan_material in E:\laragon\www\apps\tugas\mitra_agung_malaka\views\material-keluar.php on line 87
[2024-06-09 06:46:14] Error [2]: Invalid argument supplied for foreach() in E:\laragon\www\apps\tugas\mitra_agung_malaka\views\material-keluar.php on line 87
[2024-06-09 06:46:14] Error [8]: Undefined index: id_ss in E:\laragon\www\apps\tugas\mitra_agung_malaka\views\material-keluar.php on line 97
[2024-06-09 06:46:14] Error [8]: Undefined variable: view_status_stok in E:\laragon\www\apps\tugas\mitra_agung_malaka\views\material-keluar.php on line 98
[2024-06-09 06:46:14] Error [2]: Invalid argument supplied for foreach() in E:\laragon\www\apps\tugas\mitra_agung_malaka\views\material-keluar.php on line 98
[2024-06-09 06:46:14] Error [8]: Undefined index: jumlah in E:\laragon\www\apps\tugas\mitra_agung_malaka\views\material-keluar.php on line 108
[2024-06-09 06:46:14] Error [8]: Undefined index: id_sb in E:\laragon\www\apps\tugas\mitra_agung_malaka\views\material-keluar.php on line 116
[2024-06-09 06:46:14] Error [8]: Undefined variable: view_satuan_barang in E:\laragon\www\apps\tugas\mitra_agung_malaka\views\material-keluar.php on line 117
[2024-06-09 06:46:14] Error [2]: Invalid argument supplied for foreach() in E:\laragon\www\apps\tugas\mitra_agung_malaka\views\material-keluar.php on line 117
[2024-06-09 06:52:09] Error [8]: Undefined index: jumlah in E:\laragon\www\apps\tugas\mitra_agung_malaka\views\material-keluar.php on line 58
[2024-06-09 06:52:09] Error [8]: Undefined index: id_bm in E:\laragon\www\apps\tugas\mitra_agung_malaka\views\material-keluar.php on line 86
[2024-06-09 06:52:09] Error [8]: Undefined variable: view_bahan_material in E:\laragon\www\apps\tugas\mitra_agung_malaka\views\material-keluar.php on line 87
[2024-06-09 06:52:09] Error [2]: Invalid argument supplied for foreach() in E:\laragon\www\apps\tugas\mitra_agung_malaka\views\material-keluar.php on line 87
[2024-06-09 06:52:09] Error [8]: Undefined index: id_ss in E:\laragon\www\apps\tugas\mitra_agung_malaka\views\material-keluar.php on line 97
[2024-06-09 06:52:09] Error [8]: Undefined variable: view_status_stok in E:\laragon\www\apps\tugas\mitra_agung_malaka\views\material-keluar.php on line 98
[2024-06-09 06:52:09] Error [2]: Invalid argument supplied for foreach() in E:\laragon\www\apps\tugas\mitra_agung_malaka\views\material-keluar.php on line 98
[2024-06-09 06:52:09] Error [8]: Undefined index: jumlah in E:\laragon\www\apps\tugas\mitra_agung_malaka\views\material-keluar.php on line 108
[2024-06-09 06:52:09] Error [8]: Undefined index: id_sb in E:\laragon\www\apps\tugas\mitra_agung_malaka\views\material-keluar.php on line 116
[2024-06-09 06:52:09] Error [8]: Undefined variable: view_satuan_barang in E:\laragon\www\apps\tugas\mitra_agung_malaka\views\material-keluar.php on line 117
[2024-06-09 06:52:09] Error [2]: Invalid argument supplied for foreach() in E:\laragon\www\apps\tugas\mitra_agung_malaka\views\material-keluar.php on line 117
[2024-06-09 06:53:27] Error [8]: Undefined index: jumlah in E:\laragon\www\apps\tugas\mitra_agung_malaka\views\material-keluar.php on line 59
[2024-06-09 06:53:27] Error [8]: Undefined index: id_bm in E:\laragon\www\apps\tugas\mitra_agung_malaka\views\material-keluar.php on line 87
[2024-06-09 06:53:27] Error [8]: Undefined variable: view_bahan_material in E:\laragon\www\apps\tugas\mitra_agung_malaka\views\material-keluar.php on line 88
[2024-06-09 06:53:27] Error [2]: Invalid argument supplied for foreach() in E:\laragon\www\apps\tugas\mitra_agung_malaka\views\material-keluar.php on line 88
[2024-06-09 06:53:27] Error [8]: Undefined index: id_ss in E:\laragon\www\apps\tugas\mitra_agung_malaka\views\material-keluar.php on line 98
[2024-06-09 06:53:27] Error [8]: Undefined variable: view_status_stok in E:\laragon\www\apps\tugas\mitra_agung_malaka\views\material-keluar.php on line 99
[2024-06-09 06:53:27] Error [2]: Invalid argument supplied for foreach() in E:\laragon\www\apps\tugas\mitra_agung_malaka\views\material-keluar.php on line 99
[2024-06-09 06:53:27] Error [8]: Undefined index: jumlah in E:\laragon\www\apps\tugas\mitra_agung_malaka\views\material-keluar.php on line 109
[2024-06-09 06:53:27] Error [8]: Undefined index: id_sb in E:\laragon\www\apps\tugas\mitra_agung_malaka\views\material-keluar.php on line 117
[2024-06-09 06:53:27] Error [8]: Undefined variable: view_satuan_barang in E:\laragon\www\apps\tugas\mitra_agung_malaka\views\material-keluar.php on line 118
[2024-06-09 06:53:27] Error [2]: Invalid argument supplied for foreach() in E:\laragon\www\apps\tugas\mitra_agung_malaka\views\material-keluar.php on line 118
[2024-06-09 06:54:40] Error [8]: Undefined index: id_bm in E:\laragon\www\apps\tugas\mitra_agung_malaka\views\material-keluar.php on line 90
[2024-06-09 06:54:40] Error [8]: Undefined variable: view_bahan_material in E:\laragon\www\apps\tugas\mitra_agung_malaka\views\material-keluar.php on line 91
[2024-06-09 06:54:40] Error [2]: Invalid argument supplied for foreach() in E:\laragon\www\apps\tugas\mitra_agung_malaka\views\material-keluar.php on line 91
[2024-06-09 06:54:40] Error [8]: Undefined index: id_ss in E:\laragon\www\apps\tugas\mitra_agung_malaka\views\material-keluar.php on line 101
[2024-06-09 06:54:40] Error [8]: Undefined variable: view_status_stok in E:\laragon\www\apps\tugas\mitra_agung_malaka\views\material-keluar.php on line 102
[2024-06-09 06:54:40] Error [2]: Invalid argument supplied for foreach() in E:\laragon\www\apps\tugas\mitra_agung_malaka\views\material-keluar.php on line 102
[2024-06-09 06:54:40] Error [8]: Undefined index: jumlah in E:\laragon\www\apps\tugas\mitra_agung_malaka\views\material-keluar.php on line 112
[2024-06-09 06:54:40] Error [8]: Undefined index: id_sb in E:\laragon\www\apps\tugas\mitra_agung_malaka\views\material-keluar.php on line 120
[2024-06-09 06:54:40] Error [8]: Undefined variable: view_satuan_barang in E:\laragon\www\apps\tugas\mitra_agung_malaka\views\material-keluar.php on line 121
[2024-06-09 06:54:40] Error [2]: Invalid argument supplied for foreach() in E:\laragon\www\apps\tugas\mitra_agung_malaka\views\material-keluar.php on line 121
[2024-06-09 06:54:48] Error [8]: Undefined index: id_bm in E:\laragon\www\apps\tugas\mitra_agung_malaka\views\material-keluar.php on line 90
[2024-06-09 06:54:48] Error [8]: Undefined variable: view_bahan_material in E:\laragon\www\apps\tugas\mitra_agung_malaka\views\material-keluar.php on line 91
[2024-06-09 06:54:48] Error [2]: Invalid argument supplied for foreach() in E:\laragon\www\apps\tugas\mitra_agung_malaka\views\material-keluar.php on line 91
[2024-06-09 06:54:48] Error [8]: Undefined index: id_ss in E:\laragon\www\apps\tugas\mitra_agung_malaka\views\material-keluar.php on line 101
[2024-06-09 06:54:48] Error [8]: Undefined variable: view_status_stok in E:\laragon\www\apps\tugas\mitra_agung_malaka\views\material-keluar.php on line 102
[2024-06-09 06:54:48] Error [2]: Invalid argument supplied for foreach() in E:\laragon\www\apps\tugas\mitra_agung_malaka\views\material-keluar.php on line 102
[2024-06-09 06:54:48] Error [8]: Undefined index: jumlah in E:\laragon\www\apps\tugas\mitra_agung_malaka\views\material-keluar.php on line 112
[2024-06-09 06:54:48] Error [8]: Undefined index: id_sb in E:\laragon\www\apps\tugas\mitra_agung_malaka\views\material-keluar.php on line 120
[2024-06-09 06:54:48] Error [8]: Undefined variable: view_satuan_barang in E:\laragon\www\apps\tugas\mitra_agung_malaka\views\material-keluar.php on line 121
[2024-06-09 06:54:48] Error [2]: Invalid argument supplied for foreach() in E:\laragon\www\apps\tugas\mitra_agung_malaka\views\material-keluar.php on line 121
[2024-06-09 06:55:03] Error [8]: Undefined index: id_bm in E:\laragon\www\apps\tugas\mitra_agung_malaka\views\material-keluar.php on line 89
[2024-06-09 06:55:03] Error [8]: Undefined variable: view_bahan_material in E:\laragon\www\apps\tugas\mitra_agung_malaka\views\material-keluar.php on line 90
[2024-06-09 06:55:03] Error [2]: Invalid argument supplied for foreach() in E:\laragon\www\apps\tugas\mitra_agung_malaka\views\material-keluar.php on line 90
[2024-06-09 06:55:03] Error [8]: Undefined index: id_ss in E:\laragon\www\apps\tugas\mitra_agung_malaka\views\material-keluar.php on line 100
[2024-06-09 06:55:03] Error [8]: Undefined variable: view_status_stok in E:\laragon\www\apps\tugas\mitra_agung_malaka\views\material-keluar.php on line 101
[2024-06-09 06:55:03] Error [2]: Invalid argument supplied for foreach() in E:\laragon\www\apps\tugas\mitra_agung_malaka\views\material-keluar.php on line 101
[2024-06-09 06:55:03] Error [8]: Undefined index: jumlah in E:\laragon\www\apps\tugas\mitra_agung_malaka\views\material-keluar.php on line 111
[2024-06-09 06:55:03] Error [8]: Undefined index: id_sb in E:\laragon\www\apps\tugas\mitra_agung_malaka\views\material-keluar.php on line 119
[2024-06-09 06:55:03] Error [8]: Undefined variable: view_satuan_barang in E:\laragon\www\apps\tugas\mitra_agung_malaka\views\material-keluar.php on line 120
[2024-06-09 06:55:03] Error [2]: Invalid argument supplied for foreach() in E:\laragon\www\apps\tugas\mitra_agung_malaka\views\material-keluar.php on line 120
[2024-06-09 06:55:35] Error [8]: Undefined index: id_bm in E:\laragon\www\apps\tugas\mitra_agung_malaka\views\material-keluar.php on line 89
[2024-06-09 06:55:35] Error [8]: Undefined variable: view_bahan_material in E:\laragon\www\apps\tugas\mitra_agung_malaka\views\material-keluar.php on line 90
[2024-06-09 06:55:35] Error [2]: Invalid argument supplied for foreach() in E:\laragon\www\apps\tugas\mitra_agung_malaka\views\material-keluar.php on line 90
[2024-06-09 06:55:35] Error [8]: Undefined index: id_ss in E:\laragon\www\apps\tugas\mitra_agung_malaka\views\material-keluar.php on line 100
[2024-06-09 06:55:35] Error [8]: Undefined variable: view_status_stok in E:\laragon\www\apps\tugas\mitra_agung_malaka\views\material-keluar.php on line 101
[2024-06-09 06:55:35] Error [2]: Invalid argument supplied for foreach() in E:\laragon\www\apps\tugas\mitra_agung_malaka\views\material-keluar.php on line 101
[2024-06-09 06:55:35] Error [8]: Undefined index: jumlah in E:\laragon\www\apps\tugas\mitra_agung_malaka\views\material-keluar.php on line 111
[2024-06-09 06:55:35] Error [8]: Undefined index: id_sb in E:\laragon\www\apps\tugas\mitra_agung_malaka\views\material-keluar.php on line 119
[2024-06-09 06:55:35] Error [8]: Undefined variable: view_satuan_barang in E:\laragon\www\apps\tugas\mitra_agung_malaka\views\material-keluar.php on line 120
[2024-06-09 06:55:35] Error [2]: Invalid argument supplied for foreach() in E:\laragon\www\apps\tugas\mitra_agung_malaka\views\material-keluar.php on line 120
[2024-06-09 06:55:35] Error [8]: Undefined index: biaya_satuan in E:\laragon\www\apps\tugas\mitra_agung_malaka\views\material-keluar.php on line 130
[2024-06-09 07:32:09] Error [8]: Undefined variable: view_status_keluar in E:\laragon\www\apps\tugas\mitra_agung_malaka\views\index.php on line 105
[2024-06-09 07:32:09] Error [2]: Invalid argument supplied for foreach() in E:\laragon\www\apps\tugas\mitra_agung_malaka\views\index.php on line 105
[2024-06-09 07:33:40] Error [8]: Undefined variable: view_status_keluar in E:\laragon\www\apps\tugas\mitra_agung_malaka\views\index.php on line 106
[2024-06-09 07:33:40] Error [2]: Invalid argument supplied for foreach() in E:\laragon\www\apps\tugas\mitra_agung_malaka\views\index.php on line 106
